[11:22:15] [Server thread/INFO]: Starting minecraft server version 1.7.9
[11:22:15] [Server thread/INFO]: Loading properties
[11:22:15] [Server thread/WARN]: server.properties does not exist
[11:22:15] [Server thread/INFO]: Generating new properties file
[11:22:15] [Server thread/INFO]: Default game type: SURVIVAL
[11:22:15] [Server thread/INFO]: Generating keypair
[11:22:15] [Server thread/INFO]: Starting Minecraft server on *:25565
[11:22:16] [Server thread/INFO]: This server is running CraftBukkit version git-Bukkit-1.7.9-R0.1-10-g8688bd4-b3092jnks (MC: 1.7.9) (Implementing API version 1.7.9-R0.2)
[11:22:16] [Server thread/WARN]: Failed to load user banlist: 
java.io.FileNotFoundException: banned-players.json (No such file or directory)
	at java.io.FileInputStream.open(Native Method) ~[?:1.8.0_25]
	at java.io.FileInputStream.<init>(FileInputStream.java:138) ~[?:1.8.0_25]
	at net.minecraft.util.com.google.common.io.Files.newReader(Files.java:86) ~[craftbukkit.jar:git-Bukkit-1.7.9-R0.1-10-g8688bd4-b3092jnks]
	at net.minecraft.server.v1_7_R3.JsonList.load(JsonList.java:147) ~[craftbukkit.jar:git-Bukkit-1.7.9-R0.1-10-g8688bd4-b3092jnks]
	at net.minecraft.server.v1_7_R3.DedicatedPlayerList.y(SourceFile:99) [craftbukkit.jar:git-Bukkit-1.7.9-R0.1-10-g8688bd4-b3092jnks]
	at net.minecraft.server.v1_7_R3.DedicatedPlayerList.<init>(SourceFile:25) [craftbukkit.jar:git-Bukkit-1.7.9-R0.1-10-g8688bd4-b3092jnks]
	at net.minecraft.server.v1_7_R3.DedicatedServer.init(DedicatedServer.java:126) [craftbukkit.jar:git-Bukkit-1.7.9-R0.1-10-g8688bd4-b3092jnks]
	at net.minecraft.server.v1_7_R3.MinecraftServer.run(MinecraftServer.java:436) [craftbukkit.jar:git-Bukkit-1.7.9-R0.1-10-g8688bd4-b3092jnks]
	at net.minecraft.server.v1_7_R3.ThreadServerApplication.run(SourceFile:628) [craftbukkit.jar:git-Bukkit-1.7.9-R0.1-10-g8688bd4-b3092jnks]
[11:22:16] [Server thread/WARN]: Failed to load ip banlist: 
java.io.FileNotFoundException: banned-ips.json (No such file or directory)
	at java.io.FileInputStream.open(Native Method) ~[?:1.8.0_25]
	at java.io.FileInputStream.<init>(FileInputStream.java:138) ~[?:1.8.0_25]
	at net.minecraft.util.com.google.common.io.Files.newReader(Files.java:86) ~[craftbukkit.jar:git-Bukkit-1.7.9-R0.1-10-g8688bd4-b3092jnks]
	at net.minecraft.server.v1_7_R3.JsonList.load(JsonList.java:147) ~[craftbukkit.jar:git-Bukkit-1.7.9-R0.1-10-g8688bd4-b3092jnks]
	at net.minecraft.server.v1_7_R3.DedicatedPlayerList.x(SourceFile:91) [craftbukkit.jar:git-Bukkit-1.7.9-R0.1-10-g8688bd4-b3092jnks]
	at net.minecraft.server.v1_7_R3.DedicatedPlayerList.<init>(SourceFile:27) [craftbukkit.jar:git-Bukkit-1.7.9-R0.1-10-g8688bd4-b3092jnks]
	at net.minecraft.server.v1_7_R3.DedicatedServer.init(DedicatedServer.java:126) [craftbukkit.jar:git-Bukkit-1.7.9-R0.1-10-g8688bd4-b3092jnks]
	at net.minecraft.server.v1_7_R3.MinecraftServer.run(MinecraftServer.java:436) [craftbukkit.jar:git-Bukkit-1.7.9-R0.1-10-g8688bd4-b3092jnks]
	at net.minecraft.server.v1_7_R3.ThreadServerApplication.run(SourceFile:628) [craftbukkit.jar:git-Bukkit-1.7.9-R0.1-10-g8688bd4-b3092jnks]
[11:22:16] [Server thread/WARN]: Failed to load operators list: 
java.io.FileNotFoundException: ops.json (No such file or directory)
	at java.io.FileInputStream.open(Native Method) ~[?:1.8.0_25]
	at java.io.FileInputStream.<init>(FileInputStream.java:138) ~[?:1.8.0_25]
	at net.minecraft.util.com.google.common.io.Files.newReader(Files.java:86) ~[craftbukkit.jar:git-Bukkit-1.7.9-R0.1-10-g8688bd4-b3092jnks]
	at net.minecraft.server.v1_7_R3.JsonList.load(JsonList.java:147) ~[craftbukkit.jar:git-Bukkit-1.7.9-R0.1-10-g8688bd4-b3092jnks]
	at net.minecraft.server.v1_7_R3.DedicatedPlayerList.z(SourceFile:107) [craftbukkit.jar:git-Bukkit-1.7.9-R0.1-10-g8688bd4-b3092jnks]
	at net.minecraft.server.v1_7_R3.DedicatedPlayerList.<init>(SourceFile:29) [craftbukkit.jar:git-Bukkit-1.7.9-R0.1-10-g8688bd4-b3092jnks]
	at net.minecraft.server.v1_7_R3.DedicatedServer.init(DedicatedServer.java:126) [craftbukkit.jar:git-Bukkit-1.7.9-R0.1-10-g8688bd4-b3092jnks]
	at net.minecraft.server.v1_7_R3.MinecraftServer.run(MinecraftServer.java:436) [craftbukkit.jar:git-Bukkit-1.7.9-R0.1-10-g8688bd4-b3092jnks]
	at net.minecraft.server.v1_7_R3.ThreadServerApplication.run(SourceFile:628) [craftbukkit.jar:git-Bukkit-1.7.9-R0.1-10-g8688bd4-b3092jnks]
[11:22:16] [Server thread/WARN]: Failed to load white-list: 
java.io.FileNotFoundException: whitelist.json (No such file or directory)
	at java.io.FileInputStream.open(Native Method) ~[?:1.8.0_25]
	at java.io.FileInputStream.<init>(FileInputStream.java:138) ~[?:1.8.0_25]
	at net.minecraft.util.com.google.common.io.Files.newReader(Files.java:86) ~[craftbukkit.jar:git-Bukkit-1.7.9-R0.1-10-g8688bd4-b3092jnks]
	at net.minecraft.server.v1_7_R3.JsonList.load(JsonList.java:147) ~[craftbukkit.jar:git-Bukkit-1.7.9-R0.1-10-g8688bd4-b3092jnks]
	at net.minecraft.server.v1_7_R3.DedicatedPlayerList.B(SourceFile:123) [craftbukkit.jar:git-Bukkit-1.7.9-R0.1-10-g8688bd4-b3092jnks]
	at net.minecraft.server.v1_7_R3.DedicatedPlayerList.<init>(SourceFile:30) [craftbukkit.jar:git-Bukkit-1.7.9-R0.1-10-g8688bd4-b3092jnks]
	at net.minecraft.server.v1_7_R3.DedicatedServer.init(DedicatedServer.java:126) [craftbukkit.jar:git-Bukkit-1.7.9-R0.1-10-g8688bd4-b3092jnks]
	at net.minecraft.server.v1_7_R3.MinecraftServer.run(MinecraftServer.java:436) [craftbukkit.jar:git-Bukkit-1.7.9-R0.1-10-g8688bd4-b3092jnks]
	at net.minecraft.server.v1_7_R3.ThreadServerApplication.run(SourceFile:628) [craftbukkit.jar:git-Bukkit-1.7.9-R0.1-10-g8688bd4-b3092jnks]
[11:22:16] [Server thread/INFO]: Preparing level "world"
[11:22:16] [Server thread/WARN]: Unable to find spawn biome
[11:22:16] [Server thread/INFO]: Preparing start region for level 0 (Seed: -7978802929488561897)
[11:22:16] [Thread-6/WARN]: Could not get information about this CraftBukkit version; perhaps you are running a custom one?: IOException
[11:22:17] [Thread-6/WARN]: Could not get latest artifact information: IOException
[11:22:17] [Server thread/INFO]: Preparing spawn area: 7%
[11:22:18] [Server thread/INFO]: Preparing spawn area: 18%
[11:22:19] [Server thread/INFO]: Preparing spawn area: 32%
[11:22:20] [Server thread/INFO]: Preparing spawn area: 48%
[11:22:21] [Server thread/INFO]: Preparing spawn area: 67%
[11:22:22] [Server thread/INFO]: Preparing spawn area: 80%
[11:22:23] [Server thread/INFO]: Preparing spawn area: 99%
[11:22:23] [Server thread/INFO]: Preparing start region for level 1 (Seed: -7978802929488561897)
[11:22:24] [Server thread/INFO]: Preparing spawn area: 17%
[11:22:25] [Server thread/INFO]: Preparing spawn area: 46%
[11:22:26] [Server thread/INFO]: Preparing spawn area: 68%
[11:22:27] [Server thread/INFO]: Preparing start region for level 2 (Seed: -7978802929488561897)
[11:22:28] [Server thread/INFO]: Preparing spawn area: 53%
[11:22:29] [Server thread/INFO]: Done (12.888s)! For help, type "help" or "?"
[11:22:35] [Server console handler/ERROR]: Exception handling console input
java.io.IOException: Input/output error
	at java.io.FileInputStream.readBytes(Native Method) ~[?:1.8.0_25]
	at java.io.FileInputStream.read(FileInputStream.java:246) ~[?:1.8.0_25]
	at java.io.BufferedInputStream.fill(BufferedInputStream.java:246) ~[?:1.8.0_25]
	at java.io.BufferedInputStream.read(BufferedInputStream.java:265) ~[?:1.8.0_25]
	at java.io.FilterInputStream.read(FilterInputStream.java:83) ~[?:1.8.0_25]
	at org.bukkit.craftbukkit.libs.jline.console.ConsoleReader$1.read(ConsoleReader.java:167) ~[craftbukkit.jar:git-Bukkit-1.7.9-R0.1-10-g8688bd4-b3092jnks]
	at org.bukkit.craftbukkit.libs.jline.internal.InputStreamReader.read(InputStreamReader.java:267) ~[craftbukkit.jar:git-Bukkit-1.7.9-R0.1-10-g8688bd4-b3092jnks]
	at org.bukkit.craftbukkit.libs.jline.internal.InputStreamReader.read(InputStreamReader.java:204) ~[craftbukkit.jar:git-Bukkit-1.7.9-R0.1-10-g8688bd4-b3092jnks]
	at org.bukkit.craftbukkit.libs.jline.console.ConsoleReader.readCharacter(ConsoleReader.java:995) ~[craftbukkit.jar:git-Bukkit-1.7.9-R0.1-10-g8688bd4-b3092jnks]
	at org.bukkit.craftbukkit.libs.jline.console.ConsoleReader.readLine(ConsoleReader.java:1167) ~[craftbukkit.jar:git-Bukkit-1.7.9-R0.1-10-g8688bd4-b3092jnks]
	at net.minecraft.server.v1_7_R3.ThreadCommandReader.run(ThreadCommandReader.java:32) [craftbukkit.jar:git-Bukkit-1.7.9-R0.1-10-g8688bd4-b3092jnks]
